[debug] [2026-04-02T15:53:01.725Z] ----------------------------------------------------------------------
[debug] [2026-04-02T15:53:01.741Z] Command:       /usr/local/bin/node /usr/local/bin/firebase init
[debug] [2026-04-02T15:53:01.741Z] CLI Version:   15.12.0
[debug] [2026-04-02T15:53:01.741Z] Platform:      darwin
[debug] [2026-04-02T15:53:01.741Z] Node Version:  v24.14.1
[debug] [2026-04-02T15:53:01.741Z] Time:          Thu Apr 02 2026 17:53:01 GMT+0200 (heure d’été d’Europe centrale)
[debug] [2026-04-02T15:53:01.742Z] ----------------------------------------------------------------------
[debug] 
[info] 
     ######## #### ########  ######## ########     ###     ######  ########
     ##        ##  ##     ## ##       ##     ##  ##   ##  ##       ##
     ######    ##  ########  ######   ########  #########  ######  ######
     ##        ##  ##    ##  ##       ##     ## ##     ##       ## ##
     ##       #### ##     ## ######## ########  ##     ##  ######  ########

You're about to initialize a Firebase project in this directory:

  /Users/thierryduberge/Desktop/Sites/Contes érotiques

[info] 
=== Project Setup
[info] 
[info] First, let's associate this project directory with a Firebase project.
[info] You can create multiple project aliases by running firebase use --add, 
[info] 
[info] i  If you want to create a project in a Google Cloud organization or folder, please use "firebase projects:create" instead, and return to this command when you've created the project. 
[debug] [2026-04-02T15:56:11.428Z] > command requires scopes: ["email","openid","https://www.googleapis.com/auth/cloudplatformprojects.readonly","https://www.googleapis.com/auth/firebase","https://www.googleapis.com/auth/cloud-platform"]
[debug] [2026-04-02T15:56:11.478Z] > authorizing via signed-in user (thierryduberge@gmail.com)
[debug] [2026-04-02T15:59:19.529Z] Checked if tokens are valid: false, expires at: 1775137731203
[debug] [2026-04-02T15:59:19.529Z] Checked if tokens are valid: false, expires at: 1775137731203
[debug] [2026-04-02T15:59:19.529Z] > refreshing access token with scopes: []
[debug] [2026-04-02T15:59:19.566Z] >>> [apiv2][query] POST https://www.googleapis.com/oauth2/v3/token [none]
[debug] [2026-04-02T15:59:19.566Z] >>> [apiv2][body] POST https://www.googleapis.com/oauth2/v3/token [omitted]
[debug] [2026-04-02T15:59:19.980Z] <<< [apiv2][status] POST https://www.googleapis.com/oauth2/v3/token 200
[debug] [2026-04-02T15:59:19.980Z] <<< [apiv2][body] POST https://www.googleapis.com/oauth2/v3/token [omitted]
[debug] [2026-04-02T15:59:20.014Z] >>> [apiv2][query] POST https://firebase.googleapis.com/v1/projects:checkProjectId [none]
[debug] [2026-04-02T15:59:20.014Z] >>> [apiv2][body] POST https://firebase.googleapis.com/v1/projects:checkProjectId {"proposedId":"contes erotiques"}
[debug] [2026-04-02T15:59:20.425Z] <<< [apiv2][status] POST https://firebase.googleapis.com/v1/projects:checkProjectId 200
[debug] [2026-04-02T15:59:20.425Z] <<< [apiv2][body] POST https://firebase.googleapis.com/v1/projects:checkProjectId {"projectIdStatus":"PROJECT_ID_NOT_VALID","suggestedProjectId":"contes-erotiques"}
[debug] [2026-04-02T15:59:31.340Z] Checked if tokens are valid: true, expires at: 1775149158980
[debug] [2026-04-02T15:59:31.340Z] Checked if tokens are valid: true, expires at: 1775149158980
[debug] [2026-04-02T15:59:31.341Z] >>> [apiv2][query] POST https://firebase.googleapis.com/v1/projects:checkProjectId [none]
[debug] [2026-04-02T15:59:31.341Z] >>> [apiv2][body] POST https://firebase.googleapis.com/v1/projects:checkProjectId {"proposedId":"contes- erotiques"}
[debug] [2026-04-02T15:59:31.675Z] <<< [apiv2][status] POST https://firebase.googleapis.com/v1/projects:checkProjectId 200
[debug] [2026-04-02T15:59:31.675Z] <<< [apiv2][body] POST https://firebase.googleapis.com/v1/projects:checkProjectId {"projectIdStatus":"PROJECT_ID_NOT_VALID","suggestedProjectId":"contes--erotiques"}
[debug] [2026-04-02T15:59:41.916Z] Checked if tokens are valid: true, expires at: 1775149158980
[debug] [2026-04-02T15:59:41.916Z] Checked if tokens are valid: true, expires at: 1775149158980
[debug] [2026-04-02T15:59:41.916Z] >>> [apiv2][query] POST https://firebase.googleapis.com/v1/projects:checkProjectId [none]
[debug] [2026-04-02T15:59:41.916Z] >>> [apiv2][body] POST https://firebase.googleapis.com/v1/projects:checkProjectId {"proposedId":"contes-erotiques"}
[debug] [2026-04-02T15:59:42.279Z] <<< [apiv2][status] POST https://firebase.googleapis.com/v1/projects:checkProjectId 200
[debug] [2026-04-02T15:59:42.279Z] <<< [apiv2][body] POST https://firebase.googleapis.com/v1/projects:checkProjectId {"projectIdStatus":"PROJECT_ID_AVAILABLE","suggestedProjectId":"contes-erotiques"}
[debug] [2026-04-02T16:00:11.175Z] Checked if tokens are valid: true, expires at: 1775149158980
[debug] [2026-04-02T16:00:11.175Z] Checked if tokens are valid: true, expires at: 1775149158980
[debug] [2026-04-02T16:00:11.175Z] >>> [apiv2][query] POST https://cloudresourcemanager.googleapis.com/v1/projects [none]
[debug] [2026-04-02T16:00:11.176Z] >>> [apiv2][body] POST https://cloudresourcemanager.googleapis.com/v1/projects {"projectId":"contes-erotiques","name":" contes-erotiques"}
[debug] [2026-04-02T16:00:12.007Z] <<< [apiv2][status] POST https://cloudresourcemanager.googleapis.com/v1/projects 200
[debug] [2026-04-02T16:00:12.007Z] <<< [apiv2][body] POST https://cloudresourcemanager.googleapis.com/v1/projects {"name":"operations/create_project.global.6364923103592312874"}
[debug] [2026-04-02T16:00:12.008Z] Checked if tokens are valid: true, expires at: 1775149158980
[debug] [2026-04-02T16:00:12.008Z] Checked if tokens are valid: true, expires at: 1775149158980
[debug] [2026-04-02T16:00:12.008Z] >>> [apiv2][query] GET https://cloudresourcemanager.googleapis.com/v1/operations/create_project.global.6364923103592312874 [none]
[debug] [2026-04-02T16:00:12.723Z] <<< [apiv2][status] GET https://cloudresourcemanager.googleapis.com/v1/operations/create_project.global.6364923103592312874 200
[debug] [2026-04-02T16:00:12.723Z] <<< [apiv2][body] GET https://cloudresourcemanager.googleapis.com/v1/operations/create_project.global.6364923103592312874 {"name":"operations/create_project.global.6364923103592312874"}
[debug] [2026-04-02T16:00:13.223Z] [Project Creation Poller] Retrying task index 0
[debug] [2026-04-02T16:00:13.223Z] Checked if tokens are valid: true, expires at: 1775149158980
[debug] [2026-04-02T16:00:13.223Z] Checked if tokens are valid: true, expires at: 1775149158980
[debug] [2026-04-02T16:00:13.223Z] >>> [apiv2][query] GET https://cloudresourcemanager.googleapis.com/v1/operations/create_project.global.6364923103592312874 [none]
[debug] [2026-04-02T16:00:13.471Z] <<< [apiv2][status] GET https://cloudresourcemanager.googleapis.com/v1/operations/create_project.global.6364923103592312874 200
[debug] [2026-04-02T16:00:13.471Z] <<< [apiv2][body] GET https://cloudresourcemanager.googleapis.com/v1/operations/create_project.global.6364923103592312874 {"name":"operations/create_project.global.6364923103592312874","metadata":{"@type":"type.googleapis.com/google.cloudresourcemanager.v1.ProjectCreationStatus","gettable":true,"ready":true},"done":true,"response":{"@type":"type.googleapis.com/google.cloudresourcemanager.v1.Project","projectNumber":"910393359960","projectId":"contes-erotiques","lifecycleState":"ACTIVE","name":" contes-erotiques","createTime":"2026-04-02T16:00:11.993Z"}}
[debug] [2026-04-02T16:00:13.472Z] Checked if tokens are valid: true, expires at: 1775149158980
[debug] [2026-04-02T16:00:13.472Z] Checked if tokens are valid: true, expires at: 1775149158980
[debug] [2026-04-02T16:00:13.472Z] >>> [apiv2][query] POST https://firebase.googleapis.com/v1beta1/projects/contes-erotiques:addFirebase [none]
[debug] [2026-04-02T16:00:17.159Z] <<< [apiv2][status] POST https://firebase.googleapis.com/v1beta1/projects/contes-erotiques:addFirebase 200
[debug] [2026-04-02T16:00:17.159Z] <<< [apiv2][body] POST https://firebase.googleapis.com/v1beta1/projects/contes-erotiques:addFirebase {"name":"operations/workflows/OWNlODk3MGQtYzI3Mi00MDdhLTg5MGYtODYwYWEzMjNjM2E4"}
[debug] [2026-04-02T16:00:17.160Z] Checked if tokens are valid: true, expires at: 1775149158980
[debug] [2026-04-02T16:00:17.160Z] Checked if tokens are valid: true, expires at: 1775149158980
[debug] [2026-04-02T16:00:17.160Z] >>> [apiv2][query] GET https://firebase.googleapis.com/v1beta1/operations/workflows/OWNlODk3MGQtYzI3Mi00MDdhLTg5MGYtODYwYWEzMjNjM2E4 [none]
[debug] [2026-04-02T16:00:34.125Z] <<< [apiv2][status] GET https://firebase.googleapis.com/v1beta1/operations/workflows/OWNlODk3MGQtYzI3Mi00MDdhLTg5MGYtODYwYWEzMjNjM2E4 200
[debug] [2026-04-02T16:00:34.125Z] <<< [apiv2][body] GET https://firebase.googleapis.com/v1beta1/operations/workflows/OWNlODk3MGQtYzI3Mi00MDdhLTg5MGYtODYwYWEzMjNjM2E4 {"name":"operations/workflows/OWNlODk3MGQtYzI3Mi00MDdhLTg5MGYtODYwYWEzMjNjM2E4"}
[debug] [2026-04-02T16:00:34.627Z] [Add Firebase Poller] Retrying task index 0
[debug] [2026-04-02T16:00:34.627Z] Checked if tokens are valid: true, expires at: 1775149158980
[debug] [2026-04-02T16:00:34.627Z] Checked if tokens are valid: true, expires at: 1775149158980
[debug] [2026-04-02T16:00:34.627Z] >>> [apiv2][query] GET https://firebase.googleapis.com/v1beta1/operations/workflows/OWNlODk3MGQtYzI3Mi00MDdhLTg5MGYtODYwYWEzMjNjM2E4 [none]
[debug] [2026-04-02T16:00:35.833Z] <<< [apiv2][status] GET https://firebase.googleapis.com/v1beta1/operations/workflows/OWNlODk3MGQtYzI3Mi00MDdhLTg5MGYtODYwYWEzMjNjM2E4 200
[debug] [2026-04-02T16:00:35.834Z] <<< [apiv2][body] GET https://firebase.googleapis.com/v1beta1/operations/workflows/OWNlODk3MGQtYzI3Mi00MDdhLTg5MGYtODYwYWEzMjNjM2E4 {"name":"operations/workflows/OWNlODk3MGQtYzI3Mi00MDdhLTg5MGYtODYwYWEzMjNjM2E4","done":true,"response":{"@type":"type.googleapis.com/google.firebase.service.v1beta1.FirebaseProject","projectId":"contes-erotiques","projectNumber":"910393359960","displayName":" contes-erotiques","name":"projects/contes-erotiques","resources":{"hostingSite":"contes-erotiques"}}}
[info] 
[info] 🎉🎉🎉 Your Firebase project is ready! 🎉🎉🎉
[info] 
[info] Project information:
[info]    - Project ID: contes-erotiques
[info]    - Project Name:  contes-erotiques
[info] 
[info] Firebase console is available at
[info] https://console.firebase.google.com/project/contes-erotiques/overview
[info] 
=== Hosting Setup
[debug] [2026-04-02T16:00:35.851Z] Checked if tokens are valid: true, expires at: 1775149158980
[debug] [2026-04-02T16:00:35.851Z] Checked if tokens are valid: true, expires at: 1775149158980
[debug] [2026-04-02T16:00:35.851Z] >>> [apiv2][query] GET https://firebase.googleapis.com/v1beta1/projects/contes-erotiques [none]
[debug] [2026-04-02T16:00:36.685Z] <<< [apiv2][status] GET https://firebase.googleapis.com/v1beta1/projects/contes-erotiques 200
[debug] [2026-04-02T16:00:36.685Z] <<< [apiv2][body] GET https://firebase.googleapis.com/v1beta1/projects/contes-erotiques {"projectId":"contes-erotiques","projectNumber":"910393359960","displayName":" contes-erotiques","name":"projects/contes-erotiques","resources":{"hostingSite":"contes-erotiques"},"state":"ACTIVE","etag":"1_e80b7aa7-172b-4eaa-9c93-01d4c187c2ab"}
[info] 
[info] Your public directory is the folder (relative to your project directory) that
[info] will contain Hosting assets to be uploaded with firebase deploy. If you
[info] have a build process for your assets, use your build's output directory.
[info] 
[info] 
[info] i  Didn't detect a .git folder. Assuming /Users/thierryduberge/Desktop/Sites/Contes érotiques is the project root. 
[info] i  Authorizing with GitHub to upload your service account to a GitHub repository's secrets store. 
[info] 
[info] Visit this URL on this device to log in:
[info] https://github.com/login/oauth/authorize?client_id=89cf50f02ac6aaed3484&state=329554229&redirect_uri=http%3A%2F%2Flocalhost%3A9005&scope=read%3Auser%20repo%20public_repo
[info] 
[info] Waiting for authentication...
[debug] [2026-04-02T16:06:17.139Z] >>> [apiv2][query] POST https://github.com/login/oauth/access_token [none]
[debug] [2026-04-02T16:06:17.140Z] >>> [apiv2][body] POST https://github.com/login/oauth/access_token [stream]
[debug] [2026-04-02T16:06:17.588Z] <<< [apiv2][status] POST https://github.com/login/oauth/access_token 200
[debug] [2026-04-02T16:06:17.588Z] <<< [apiv2][body] POST https://github.com/login/oauth/access_token {"access_token":"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","token_type":"bearer","scope":"read:user,repo"}
[debug] [2026-04-02T16:06:17.595Z] >>> [apiv2][query] GET https://api.github.com/user [none]
[debug] [2026-04-02T16:06:17.989Z] <<< [apiv2][status] GET https://api.github.com/user 200
[debug] [2026-04-02T16:06:17.989Z] <<< [apiv2][body] GET https://api.github.com/user {"login":"thierryduberge-lgtm","id":235301498,"node_id":"U_kgDODgZqeg","avatar_url":"https://avatars.githubusercontent.com/u/235301498?v=4","gravatar_id":"","url":"https://api.github.com/users/thierryduberge-lgtm","html_url":"https://github.com/thierryduberge-lgtm","followers_url":"https://api.github.com/users/thierryduberge-lgtm/followers","following_url":"https://api.github.com/users/thierryduberge-lgtm/following{/other_user}","gists_url":"https://api.github.com/users/thierryduberge-lgtm/gists{/gist_id}","starred_url":"https://api.github.com/users/thierryduberge-lgtm/starred{/owner}{/repo}","subscriptions_url":"https://api.github.com/users/thierryduberge-lgtm/subscriptions","organizations_url":"https://api.github.com/users/thierryduberge-lgtm/orgs","repos_url":"https://api.github.com/users/thierryduberge-lgtm/repos","events_url":"https://api.github.com/users/thierryduberge-lgtm/events{/privacy}","received_events_url":"https://api.github.com/users/thierryduberge-lgtm/received_events","type":"User","user_view_type":"private","site_admin":false,"name":null,"company":null,"blog":"","location":null,"email":null,"hireable":null,"bio":null,"twitter_username":null,"notification_email":null,"public_repos":3,"public_gists":0,"followers":0,"following":0,"created_at":"2025-09-30T11:51:58Z","updated_at":"2025-09-30T11:51:58Z","private_gists":0,"total_private_repos":0,"owned_private_repos":0,"disk_usage":1917,"collaborators":0,"two_factor_authentication":false,"plan":{"name":"free","space":976562499,"collaborators":0,"private_repos":10000}}
[info] 
[info] ✔  Success! Logged into GitHub as thierryduberge-lgtm 
[info] 
